<?xml version="1.0" encoding="UTF-8"?>
<!-- Generated by org.testng.reporters.JUnitReportReporter -->
<testsuite hostname="BlackPanther" failures="0" tests="3" name="alfa.Test.TestGet" time="48.689" errors="0" timestamp="2022-03-23T17:15:14 EDT" skipped="0">
  <testcase classname="alfa.Test.TestGet" name="TestListUser" time="1.928"/>
  <system-out/>
  <testcase classname="alfa.Test.TestGet" name="TestListValidUserDetail" time="0.520"/>
  <system-out/>
  <testcase classname="alfa.Test.TestGet" name="TestListValidUsers" time="46.241"/>
  <system-out/>
</testsuite> <!-- alfa.Test.TestGet -->
